2015/10/27 09:57:33 [error] [php] date(): It is not safe to rely on the system's timezone settings. You are *required* to use the date.timezone setting or the date_default_timezone_set() function. In case you used any of those methods and you are still getting this warning, you most likely misspelled the timezone identifier. We selected the timezone 'UTC' for now, but please set date.timezone to select your timezone. (C:\OpenServer\domains\yii\www\protected\views\layouts\main.php:51)
Stack trace:
#0 C:\OpenServer\domains\yii\www\framework\web\CBaseController.php(95): SiteController->renderInternal()
#1 C:\OpenServer\domains\yii\www\framework\web\widgets\CContentDecorator.php(76): SiteController->renderFile()
#2 C:\OpenServer\domains\yii\www\framework\web\widgets\CContentDecorator.php(54): CContentDecorator->decorate()
#3 C:\OpenServer\domains\yii\www\framework\web\widgets\COutputProcessor.php(44): CContentDecorator->processOutput()
#4 C:\OpenServer\domains\yii\www\framework\web\CBaseController.php(214): CContentDecorator->run()
#5 C:\OpenServer\domains\yii\www\framework\web\CBaseController.php(308): SiteController->endWidget()
#6 C:\OpenServer\domains\yii\www\protected\views\layouts\column1.php(6): SiteController->endContent()
#7 C:\OpenServer\domains\yii\www\framework\web\CBaseController.php(126): require()
#8 C:\OpenServer\domains\yii\www\framework\web\CBaseController.php(95): SiteController->renderInternal()
#9 C:\OpenServer\domains\yii\www\framework\web\CController.php(784): SiteController->renderFile()
#10 C:\OpenServer\domains\yii\www\protected\controllers\SiteController.php(32): SiteController->render()
#11 C:\OpenServer\domains\yii\www\framework\web\actions\CInlineAction.php(49): SiteController->actionIndex()
#12 C:\OpenServer\domains\yii\www\framework\web\CController.php(308): CInlineAction->runWithParams()
#13 C:\OpenServer\domains\yii\www\framework\web\CController.php(286): SiteController->runAction()
#14 C:\OpenServer\domains\yii\www\framework\web\CController.php(265): SiteController->runActionWithFilters()
#15 C:\OpenServer\domains\yii\www\framework\web\CWebApplication.php(282): SiteController->run()
#16 C:\OpenServer\domains\yii\www\framework\web\CWebApplication.php(141): CWebApplication->runController()
#17 C:\OpenServer\domains\yii\www\framework\base\CApplication.php(184): CWebApplication->processRequest()
#18 C:\OpenServer\domains\yii\www\index.php(13): CWebApplication->run()
REQUEST_URI=/www/index.php
in C:\OpenServer\domains\yii\www\protected\views\layouts\main.php (51)
in C:\OpenServer\domains\yii\www\protected\views\layouts\column1.php (6)
in C:\OpenServer\domains\yii\www\protected\controllers\SiteController.php (32)
2015/10/27 09:57:34 [error] [php] date(): It is not safe to rely on the system's timezone settings. You are *required* to use the date.timezone setting or the date_default_timezone_set() function. In case you used any of those methods and you are still getting this warning, you most likely misspelled the timezone identifier. We selected the timezone 'UTC' for now, but please set date.timezone to select your timezone. (C:\OpenServer\domains\yii\www\protected\views\layouts\main.php:51)
Stack trace:
#0 C:\OpenServer\domains\yii\www\framework\web\CBaseController.php(95): SiteController->renderInternal()
#1 C:\OpenServer\domains\yii\www\framework\web\widgets\CContentDecorator.php(76): SiteController->renderFile()
#2 C:\OpenServer\domains\yii\www\framework\web\widgets\CContentDecorator.php(54): CContentDecorator->decorate()
#3 C:\OpenServer\domains\yii\www\framework\web\widgets\COutputProcessor.php(44): CContentDecorator->processOutput()
#4 C:\OpenServer\domains\yii\www\framework\web\CBaseController.php(214): CContentDecorator->run()
#5 C:\OpenServer\domains\yii\www\framework\web\CBaseController.php(308): SiteController->endWidget()
#6 C:\OpenServer\domains\yii\www\protected\views\layouts\column1.php(6): SiteController->endContent()
#7 C:\OpenServer\domains\yii\www\framework\web\CBaseController.php(126): require()
#8 C:\OpenServer\domains\yii\www\framework\web\CBaseController.php(95): SiteController->renderInternal()
#9 C:\OpenServer\domains\yii\www\framework\web\CController.php(784): SiteController->renderFile()
#10 C:\OpenServer\domains\yii\www\protected\controllers\SiteController.php(32): SiteController->render()
#11 C:\OpenServer\domains\yii\www\framework\web\actions\CInlineAction.php(49): SiteController->actionIndex()
#12 C:\OpenServer\domains\yii\www\framework\web\CController.php(308): CInlineAction->runWithParams()
#13 C:\OpenServer\domains\yii\www\framework\web\CController.php(286): SiteController->runAction()
#14 C:\OpenServer\domains\yii\www\framework\web\CController.php(265): SiteController->runActionWithFilters()
#15 C:\OpenServer\domains\yii\www\framework\web\CWebApplication.php(282): SiteController->run()
#16 C:\OpenServer\domains\yii\www\framework\web\CWebApplication.php(141): CWebApplication->runController()
#17 C:\OpenServer\domains\yii\www\framework\base\CApplication.php(184): CWebApplication->processRequest()
#18 C:\OpenServer\domains\yii\www\index.php(13): CWebApplication->run()
REQUEST_URI=/www/index.php
in C:\OpenServer\domains\yii\www\protected\views\layouts\main.php (51)
in C:\OpenServer\domains\yii\www\protected\views\layouts\column1.php (6)
in C:\OpenServer\domains\yii\www\protected\controllers\SiteController.php (32)
2015/10/27 09:57:39 [error] [php] date(): It is not safe to rely on the system's timezone settings. You are *required* to use the date.timezone setting or the date_default_timezone_set() function. In case you used any of those methods and you are still getting this warning, you most likely misspelled the timezone identifier. We selected the timezone 'UTC' for now, but please set date.timezone to select your timezone. (C:\OpenServer\domains\yii\www\protected\views\layouts\main.php:51)
Stack trace:
#0 C:\OpenServer\domains\yii\www\framework\web\CBaseController.php(95): SiteController->renderInternal()
#1 C:\OpenServer\domains\yii\www\framework\web\widgets\CContentDecorator.php(76): SiteController->renderFile()
#2 C:\OpenServer\domains\yii\www\framework\web\widgets\CContentDecorator.php(54): CContentDecorator->decorate()
#3 C:\OpenServer\domains\yii\www\framework\web\widgets\COutputProcessor.php(44): CContentDecorator->processOutput()
#4 C:\OpenServer\domains\yii\www\framework\web\CBaseController.php(214): CContentDecorator->run()
#5 C:\OpenServer\domains\yii\www\framework\web\CBaseController.php(308): SiteController->endWidget()
#6 C:\OpenServer\domains\yii\www\protected\views\layouts\column1.php(6): SiteController->endContent()
#7 C:\OpenServer\domains\yii\www\framework\web\CBaseController.php(126): require()
#8 C:\OpenServer\domains\yii\www\framework\web\CBaseController.php(95): SiteController->renderInternal()
#9 C:\OpenServer\domains\yii\www\framework\web\CController.php(784): SiteController->renderFile()
#10 C:\OpenServer\domains\yii\www\protected\controllers\SiteController.php(32): SiteController->render()
#11 C:\OpenServer\domains\yii\www\framework\web\actions\CInlineAction.php(49): SiteController->actionIndex()
#12 C:\OpenServer\domains\yii\www\framework\web\CController.php(308): CInlineAction->runWithParams()
#13 C:\OpenServer\domains\yii\www\framework\web\CController.php(286): SiteController->runAction()
#14 C:\OpenServer\domains\yii\www\framework\web\CController.php(265): SiteController->runActionWithFilters()
#15 C:\OpenServer\domains\yii\www\framework\web\CWebApplication.php(282): SiteController->run()
#16 C:\OpenServer\domains\yii\www\framework\web\CWebApplication.php(141): CWebApplication->runController()
#17 C:\OpenServer\domains\yii\www\framework\base\CApplication.php(184): CWebApplication->processRequest()
#18 C:\OpenServer\domains\yii\www\index.php(13): CWebApplication->run()
REQUEST_URI=/www/index.php
in C:\OpenServer\domains\yii\www\protected\views\layouts\main.php (51)
in C:\OpenServer\domains\yii\www\protected\views\layouts\column1.php (6)
in C:\OpenServer\domains\yii\www\protected\controllers\SiteController.php (32)
2015/10/27 09:57:41 [error] [php] date(): It is not safe to rely on the system's timezone settings. You are *required* to use the date.timezone setting or the date_default_timezone_set() function. In case you used any of those methods and you are still getting this warning, you most likely misspelled the timezone identifier. We selected the timezone 'UTC' for now, but please set date.timezone to select your timezone. (C:\OpenServer\domains\yii\www\protected\views\layouts\main.php:51)
Stack trace:
#0 C:\OpenServer\domains\yii\www\framework\web\CBaseController.php(95): SiteController->renderInternal()
#1 C:\OpenServer\domains\yii\www\framework\web\widgets\CContentDecorator.php(76): SiteController->renderFile()
#2 C:\OpenServer\domains\yii\www\framework\web\widgets\CContentDecorator.php(54): CContentDecorator->decorate()
#3 C:\OpenServer\domains\yii\www\framework\web\widgets\COutputProcessor.php(44): CContentDecorator->processOutput()
#4 C:\OpenServer\domains\yii\www\framework\web\CBaseController.php(214): CContentDecorator->run()
#5 C:\OpenServer\domains\yii\www\framework\web\CBaseController.php(308): SiteController->endWidget()
#6 C:\OpenServer\domains\yii\www\protected\views\layouts\column1.php(6): SiteController->endContent()
#7 C:\OpenServer\domains\yii\www\framework\web\CBaseController.php(126): require()
#8 C:\OpenServer\domains\yii\www\framework\web\CBaseController.php(95): SiteController->renderInternal()
#9 C:\OpenServer\domains\yii\www\framework\web\CController.php(784): SiteController->renderFile()
#10 C:\OpenServer\domains\yii\www\protected\controllers\SiteController.php(32): SiteController->render()
#11 C:\OpenServer\domains\yii\www\framework\web\actions\CInlineAction.php(49): SiteController->actionIndex()
#12 C:\OpenServer\domains\yii\www\framework\web\CController.php(308): CInlineAction->runWithParams()
#13 C:\OpenServer\domains\yii\www\framework\web\CController.php(286): SiteController->runAction()
#14 C:\OpenServer\domains\yii\www\framework\web\CController.php(265): SiteController->runActionWithFilters()
#15 C:\OpenServer\domains\yii\www\framework\web\CWebApplication.php(282): SiteController->run()
#16 C:\OpenServer\domains\yii\www\framework\web\CWebApplication.php(141): CWebApplication->runController()
#17 C:\OpenServer\domains\yii\www\framework\base\CApplication.php(184): CWebApplication->processRequest()
#18 C:\OpenServer\domains\yii\www\index.php(13): CWebApplication->run()
REQUEST_URI=/www/index.php?r=site/index
in C:\OpenServer\domains\yii\www\protected\views\layouts\main.php (51)
in C:\OpenServer\domains\yii\www\protected\views\layouts\column1.php (6)
in C:\OpenServer\domains\yii\www\protected\controllers\SiteController.php (32)
2015/10/27 09:57:42 [error] [php] date(): It is not safe to rely on the system's timezone settings. You are *required* to use the date.timezone setting or the date_default_timezone_set() function. In case you used any of those methods and you are still getting this warning, you most likely misspelled the timezone identifier. We selected the timezone 'UTC' for now, but please set date.timezone to select your timezone. (C:\OpenServer\domains\yii\www\protected\views\layouts\main.php:51)
Stack trace:
#0 C:\OpenServer\domains\yii\www\framework\web\CBaseController.php(95): SiteController->renderInternal()
#1 C:\OpenServer\domains\yii\www\framework\web\widgets\CContentDecorator.php(76): SiteController->renderFile()
#2 C:\OpenServer\domains\yii\www\framework\web\widgets\CContentDecorator.php(54): CContentDecorator->decorate()
#3 C:\OpenServer\domains\yii\www\framework\web\widgets\COutputProcessor.php(44): CContentDecorator->processOutput()
#4 C:\OpenServer\domains\yii\www\framework\web\CBaseController.php(214): CContentDecorator->run()
#5 C:\OpenServer\domains\yii\www\framework\web\CBaseController.php(308): SiteController->endWidget()
#6 C:\OpenServer\domains\yii\www\protected\views\layouts\column1.php(6): SiteController->endContent()
#7 C:\OpenServer\domains\yii\www\framework\web\CBaseController.php(126): require()
#8 C:\OpenServer\domains\yii\www\framework\web\CBaseController.php(95): SiteController->renderInternal()
#9 C:\OpenServer\domains\yii\www\framework\web\CController.php(784): SiteController->renderFile()
#10 C:\OpenServer\domains\yii\www\framework\web\actions\CViewAction.php(140): SiteController->render()
#11 C:\OpenServer\domains\yii\www\framework\web\actions\CAction.php(76): CViewAction->run()
#12 C:\OpenServer\domains\yii\www\framework\web\CController.php(308): CViewAction->runWithParams()
#13 C:\OpenServer\domains\yii\www\framework\web\CController.php(286): SiteController->runAction()
#14 C:\OpenServer\domains\yii\www\framework\web\CController.php(265): SiteController->runActionWithFilters()
#15 C:\OpenServer\domains\yii\www\framework\web\CWebApplication.php(282): SiteController->run()
#16 C:\OpenServer\domains\yii\www\framework\web\CWebApplication.php(141): CWebApplication->runController()
#17 C:\OpenServer\domains\yii\www\framework\base\CApplication.php(184): CWebApplication->processRequest()
#18 C:\OpenServer\domains\yii\www\index.php(13): CWebApplication->run()
REQUEST_URI=/www/index.php?r=site/page&view=about
in C:\OpenServer\domains\yii\www\protected\views\layouts\main.php (51)
in C:\OpenServer\domains\yii\www\protected\views\layouts\column1.php (6)
in C:\OpenServer\domains\yii\www\index.php (13)
2015/10/27 09:57:44 [error] [php] date(): It is not safe to rely on the system's timezone settings. You are *required* to use the date.timezone setting or the date_default_timezone_set() function. In case you used any of those methods and you are still getting this warning, you most likely misspelled the timezone identifier. We selected the timezone 'UTC' for now, but please set date.timezone to select your timezone. (C:\OpenServer\domains\yii\www\protected\views\layouts\main.php:51)
Stack trace:
#0 C:\OpenServer\domains\yii\www\framework\web\CBaseController.php(95): SiteController->renderInternal()
#1 C:\OpenServer\domains\yii\www\framework\web\widgets\CContentDecorator.php(76): SiteController->renderFile()
#2 C:\OpenServer\domains\yii\www\framework\web\widgets\CContentDecorator.php(54): CContentDecorator->decorate()
#3 C:\OpenServer\domains\yii\www\framework\web\widgets\COutputProcessor.php(44): CContentDecorator->processOutput()
#4 C:\OpenServer\domains\yii\www\framework\web\CBaseController.php(214): CContentDecorator->run()
#5 C:\OpenServer\domains\yii\www\framework\web\CBaseController.php(308): SiteController->endWidget()
#6 C:\OpenServer\domains\yii\www\protected\views\layouts\column1.php(6): SiteController->endContent()
#7 C:\OpenServer\domains\yii\www\framework\web\CBaseController.php(126): require()
#8 C:\OpenServer\domains\yii\www\framework\web\CBaseController.php(95): SiteController->renderInternal()
#9 C:\OpenServer\domains\yii\www\framework\web\CController.php(784): SiteController->renderFile()
#10 C:\OpenServer\domains\yii\www\protected\controllers\SiteController.php(72): SiteController->render()
#11 C:\OpenServer\domains\yii\www\framework\web\actions\CInlineAction.php(49): SiteController->actionContact()
#12 C:\OpenServer\domains\yii\www\framework\web\CController.php(308): CInlineAction->runWithParams()
#13 C:\OpenServer\domains\yii\www\framework\web\CController.php(286): SiteController->runAction()
#14 C:\OpenServer\domains\yii\www\framework\web\CController.php(265): SiteController->runActionWithFilters()
#15 C:\OpenServer\domains\yii\www\framework\web\CWebApplication.php(282): SiteController->run()
#16 C:\OpenServer\domains\yii\www\framework\web\CWebApplication.php(141): CWebApplication->runController()
#17 C:\OpenServer\domains\yii\www\framework\base\CApplication.php(184): CWebApplication->processRequest()
#18 C:\OpenServer\domains\yii\www\index.php(13): CWebApplication->run()
REQUEST_URI=/www/index.php?r=site/contact
in C:\OpenServer\domains\yii\www\protected\views\layouts\main.php (51)
in C:\OpenServer\domains\yii\www\protected\views\layouts\column1.php (6)
in C:\OpenServer\domains\yii\www\protected\controllers\SiteController.php (72)
2015/10/27 16:18:58 [error] [exception.CHttpException.404] exception 'CHttpException' with message 'Невозможно обработать запрос "my/one".' in C:\OpenServer\domains\yii\www\framework\web\CWebApplication.php:286
Stack trace:
#0 C:\OpenServer\domains\yii\www\framework\web\CWebApplication.php(141): CWebApplication->runController('my/one')
#1 C:\OpenServer\domains\yii\www\framework\base\CApplication.php(184): CWebApplication->processRequest()
#2 C:\OpenServer\domains\yii\www\index.php(12): CApplication->run()
#3 {main}
REQUEST_URI=/index.php?r=my/one
---
